Texture Groups complete! Took 3 ms
Audio Groups complete! Took 0 ms
Dumping Scripts...
Dumping Objects...
Dumping Sounds...
Dumping Rooms...
Dumping Sprites...
Dumping Fonts...
Dumping Shaders...
Dumping Extensions...
Dumping Paths...
Dumping Animation Curves...
Dumping Tilesets...
Dumping Sequences...
Dumping Timelines...
Sounds complete! Took 3758 ms
Scripts complete! Took 4235 ms
Fonts complete! Took 4324 ms
Paths complete! Took 4320 ms
Animation Curves complete! Took 4321 ms
Sequences complete! Took 4676 ms
Timelines complete! Took 4676 ms
Shaders complete! Took 5001 ms
Objects complete! Took 8252 ms
Rooms complete! Took 8931 ms
Sprites complete! Took 15617 ms
Tilesets complete! Took 16708 ms
All Textures complete! Took 66723 ms
Created GlobalInit Script.
