Texture Groups complete! Took 3 ms
Audio Groups complete! Took 0 ms
Dumping Scripts...
Dumping Objects...
Dumping Sounds...
Dumping Rooms...
Dumping Sprites...
Dumping Fonts...
Dumping Shaders...
Dumping Extensions...
Dumping Paths...
Dumping Animation Curves...
Dumping Tilesets...
Dumping Sequences...
Dumping Timelines...
Sounds complete! Took 3097 ms
Fonts complete! Took 3314 ms
Paths complete! Took 3598 ms
Animation Curves complete! Took 3597 ms
Scripts complete! Took 3610 ms
Sequences complete! Took 3838 ms
Timelines complete! Took 4038 ms
Shaders complete! Took 4837 ms
Rooms complete! Took 11975 ms
Tilesets complete! Took 15880 ms
Objects complete! Took 17479 ms
Sprites complete! Took 18268 ms
All Textures complete! Took 65473 ms
Created GlobalInit Script.
