Texture Groups complete! Took 4 ms
Audio Groups complete! Took 0 ms
Dumping Scripts...
Dumping Objects...
Dumping Sounds...
Dumping Rooms...
Dumping Sprites...
Dumping Fonts...
Dumping Shaders...
Dumping Extensions...
Dumping Paths...
Dumping Animation Curves...
Dumping Tilesets...
Dumping Sequences...
Dumping Timelines...
Scripts complete! Took 130 ms
Shaders complete! Took 147 ms
Fonts complete! Took 163 ms
Animation Curves complete! Took 161 ms
Paths complete! Took 176 ms
Sequences complete! Took 175 ms
Timelines complete! Took 175 ms
Tilesets complete! Took 476 ms
Objects complete! Took 588 ms
Rooms complete! Took 1269 ms
Sprites complete! Took 2017 ms
Sounds complete! Took 9514 ms
All Textures complete! Took 61962 ms
Created GlobalInit Script.
