Texture Groups complete! Took 4 ms
Audio Groups complete! Took 0 ms
Dumping Scripts...
Dumping Objects...
Dumping Sounds...
Dumping Rooms...
Dumping Sprites...
Dumping Fonts...
Dumping Shaders...
Dumping Extensions...
Dumping Paths...
Dumping Animation Curves...
Dumping Tilesets...
Dumping Sequences...
Dumping Timelines...
Scripts complete! Took 3018 ms
Fonts complete! Took 3404 ms
Paths complete! Took 3500 ms
Animation Curves complete! Took 3500 ms
Shaders complete! Took 3547 ms
Sequences complete! Took 3543 ms
Timelines complete! Took 3542 ms
Tilesets complete! Took 4300 ms
Rooms complete! Took 4375 ms
Objects complete! Took 4534 ms
Sprites complete! Took 9802 ms
Sounds complete! Took 10865 ms
All Textures complete! Took 39667 ms
Created GlobalInit Script.
